0 info it worked if it ends with ok
1 verbose cli [ 'node',
1 verbose cli   '/usr/local/bin/npm',
1 verbose cli   'install',
1 verbose cli   'express-myconnections' ]
2 info using npm@1.4.28
3 info using node@v0.10.35
4 warn package.json querystring@0.2.0 querystring is also the name of a node core module.
5 verbose readDependencies using package.json deps
6 verbose cache add [ 'express-myconnections', null ]
7 verbose cache add name=undefined spec="express-myconnections" args=["express-myconnections",null]
8 verbose parsed url { protocol: null,
8 verbose parsed url   slashes: null,
8 verbose parsed url   auth: null,
8 verbose parsed url   host: null,
8 verbose parsed url   port: null,
8 verbose parsed url   hostname: null,
8 verbose parsed url   hash: null,
8 verbose parsed url   search: null,
8 verbose parsed url   query: null,
8 verbose parsed url   pathname: 'express-myconnections',
8 verbose parsed url   path: 'express-myconnections',
8 verbose parsed url   href: 'express-myconnections' }
9 silly lockFile 7a8c5173-express-myconnections express-myconnections
10 verbose lock express-myconnections /Users/coding/.npm/7a8c5173-express-myconnections.lock
11 silly lockFile 7a8c5173-express-myconnections express-myconnections
12 silly lockFile 7a8c5173-express-myconnections express-myconnections
13 verbose addNamed [ 'express-myconnections', '' ]
14 verbose addNamed [ null, '*' ]
15 silly lockFile b85680f5-express-myconnections express-myconnections@
16 verbose lock express-myconnections@ /Users/coding/.npm/b85680f5-express-myconnections.lock
17 silly addNameRange { name: 'express-myconnections', range: '*', hasData: false }
18 verbose request where is /express-myconnections
19 verbose request registry https://registry.npmjs.org/
20 verbose request id 4aa5eefa89cac788
21 verbose url raw /express-myconnections
22 verbose url resolving [ 'https://registry.npmjs.org/', './express-myconnections' ]
23 verbose url resolved https://registry.npmjs.org/express-myconnections
24 verbose request where is https://registry.npmjs.org/express-myconnections
25 info trying registry request attempt 1 at 13:45:53
26 http GET https://registry.npmjs.org/express-myconnections
27 http 404 https://registry.npmjs.org/express-myconnections
28 verbose headers { date: 'Thu, 22 Jan 2015 21:45:53 GMT',
28 verbose headers   server: 'CouchDB/1.5.0 (Erlang OTP/R16B03)',
28 verbose headers   'content-type': 'application/json',
28 verbose headers   'cache-control': 'max-age=0',
28 verbose headers   'content-length': '52',
28 verbose headers   'accept-ranges': 'bytes',
28 verbose headers   via: '1.1 varnish',
28 verbose headers   age: '0',
28 verbose headers   'x-served-by': 'cache-lax1424-LAX',
28 verbose headers   'x-cache': 'MISS',
28 verbose headers   'x-cache-hits': '0',
28 verbose headers   'x-timer': 'S1421963153.580357,VS0,VE44',
28 verbose headers   'keep-alive': 'timeout=10, max=50',
28 verbose headers   connection: 'Keep-Alive' }
29 silly registry.get cb [ 404,
29 silly registry.get   { date: 'Thu, 22 Jan 2015 21:45:53 GMT',
29 silly registry.get     server: 'CouchDB/1.5.0 (Erlang OTP/R16B03)',
29 silly registry.get     'content-type': 'application/json',
29 silly registry.get     'cache-control': 'max-age=0',
29 silly registry.get     'content-length': '52',
29 silly registry.get     'accept-ranges': 'bytes',
29 silly registry.get     via: '1.1 varnish',
29 silly registry.get     age: '0',
29 silly registry.get     'x-served-by': 'cache-lax1424-LAX',
29 silly registry.get     'x-cache': 'MISS',
29 silly registry.get     'x-cache-hits': '0',
29 silly registry.get     'x-timer': 'S1421963153.580357,VS0,VE44',
29 silly registry.get     'keep-alive': 'timeout=10, max=50',
29 silly registry.get     connection: 'Keep-Alive' } ]
30 silly lockFile b85680f5-express-myconnections express-myconnections@
31 silly lockFile b85680f5-express-myconnections express-myconnections@
32 error 404 404 Not Found: express-myconnections
32 error 404
32 error 404 'express-myconnections' is not in the npm registry.
32 error 404 You should bug the author to publish it
32 error 404 It was specified as a dependency of 'fullMeanDemo'
32 error 404
32 error 404 Note that you can also install from a
32 error 404 tarball, folder, or http url, or git url.
33 error System Darwin 13.4.0
34 error command "node" "/usr/local/bin/npm" "install" "express-myconnections"
35 error cwd /Users/coding/Desktop/CodingDojo/codingDojoAssign/CS340_MEAN/login_registration
36 error node -v v0.10.35
37 error npm -v 1.4.28
38 error code E404
39 verbose exit [ 1, true ]
