0 info it worked if it ends with ok
1 verbose cli [ 'node', '/usr/local/bin/npm', 'install' ]
2 info using npm@1.4.28
3 info using node@v0.10.35
4 warn package.json Sample_Express@ No repository field.
5 warn package.json Sample_Express@ No README data
6 verbose readDependencies using package.json deps
7 verbose install where, deps [ '/Users/coding/Desktop/CodingDojo/codingDojoAssign/CS340_MEAN/Express/hello_express2',
7 verbose install   [ 'express', 'ejs' ] ]
8 info preinstall Sample_Express@
9 verbose readDependencies using package.json deps
10 verbose cache add [ 'express@~4.10.0', null ]
11 verbose cache add name=undefined spec="express@~4.10.0" args=["express@~4.10.0",null]
12 verbose parsed url { protocol: null,
12 verbose parsed url   slashes: null,
12 verbose parsed url   auth: null,
12 verbose parsed url   host: null,
12 verbose parsed url   port: null,
12 verbose parsed url   hostname: null,
12 verbose parsed url   hash: null,
12 verbose parsed url   search: null,
12 verbose parsed url   query: null,
12 verbose parsed url   pathname: 'express@~4.10.0',
12 verbose parsed url   path: 'express@~4.10.0',
12 verbose parsed url   href: 'express@~4.10.0' }
13 verbose cache add [ 'ejs@1.0.0', null ]
14 verbose cache add name=undefined spec="ejs@1.0.0" args=["ejs@1.0.0",null]
15 verbose parsed url { protocol: null,
15 verbose parsed url   slashes: null,
15 verbose parsed url   auth: null,
15 verbose parsed url   host: null,
15 verbose parsed url   port: null,
15 verbose parsed url   hostname: null,
15 verbose parsed url   hash: null,
15 verbose parsed url   search: null,
15 verbose parsed url   query: null,
15 verbose parsed url   pathname: 'ejs@1.0.0',
15 verbose parsed url   path: 'ejs@1.0.0',
15 verbose parsed url   href: 'ejs@1.0.0' }
16 verbose cache add name="express" spec="~4.10.0" args=["express","~4.10.0"]
17 verbose parsed url { protocol: null,
17 verbose parsed url   slashes: null,
17 verbose parsed url   auth: null,
17 verbose parsed url   host: null,
17 verbose parsed url   port: null,
17 verbose parsed url   hostname: null,
17 verbose parsed url   hash: null,
17 verbose parsed url   search: null,
17 verbose parsed url   query: null,
17 verbose parsed url   pathname: '~4.10.0',
17 verbose parsed url   path: '~4.10.0',
17 verbose parsed url   href: '~4.10.0' }
18 verbose addNamed [ 'express', '~4.10.0' ]
19 verbose addNamed [ null, '>=4.10.0-0 <4.11.0-0' ]
20 verbose cache add name="ejs" spec="1.0.0" args=["ejs","1.0.0"]
21 verbose parsed url { protocol: null,
21 verbose parsed url   slashes: null,
21 verbose parsed url   auth: null,
21 verbose parsed url   host: null,
21 verbose parsed url   port: null,
21 verbose parsed url   hostname: null,
21 verbose parsed url   hash: null,
21 verbose parsed url   search: null,
21 verbose parsed url   query: null,
21 verbose parsed url   pathname: '1.0.0',
21 verbose parsed url   path: '1.0.0',
21 verbose parsed url   href: '1.0.0' }
22 verbose addNamed [ 'ejs', '1.0.0' ]
23 verbose addNamed [ '1.0.0', '1.0.0' ]
24 silly lockFile 5861049f-express-4-10-0 express@~4.10.0
25 verbose lock express@~4.10.0 /Users/coding/.npm/5861049f-express-4-10-0.lock
26 silly lockFile 3b9d58f7-ejs-1-0-0 ejs@1.0.0
27 verbose lock ejs@1.0.0 /Users/coding/.npm/3b9d58f7-ejs-1-0-0.lock
28 silly addNameRange { name: 'express',
28 silly addNameRange   range: '>=4.10.0-0 <4.11.0-0',
28 silly addNameRange   hasData: false }
29 verbose request where is /express
30 verbose request registry https://registry.npmjs.org/
31 verbose request id ff49400ff4a242cc
32 verbose url raw /express
33 verbose url resolving [ 'https://registry.npmjs.org/', './express' ]
34 verbose url resolved https://registry.npmjs.org/express
35 verbose request where is https://registry.npmjs.org/express
36 info trying registry request attempt 1 at 16:18:01
37 verbose etag "C4F8T6N1Q2G5OYIZL3CMXG287"
38 http GET https://registry.npmjs.org/express
39 verbose request where is /ejs
40 verbose request registry https://registry.npmjs.org/
41 verbose url raw /ejs
42 verbose url resolving [ 'https://registry.npmjs.org/', './ejs' ]
43 verbose url resolved https://registry.npmjs.org/ejs
44 verbose request where is https://registry.npmjs.org/ejs
45 info trying registry request attempt 1 at 16:18:01
46 verbose etag "AIL8A5ZFMW69YW4JVWRVL78RF"
47 http GET https://registry.npmjs.org/ejs
48 http 304 https://registry.npmjs.org/express
49 silly registry.get cb [ 304,
49 silly registry.get   { date: 'Wed, 07 Jan 2015 00:18:01 GMT',
49 silly registry.get     server: 'Apache',
49 silly registry.get     via: '1.1 varnish',
49 silly registry.get     'last-modified': 'Wed, 07 Jan 2015 00:17:32 GMT',
49 silly registry.get     'cache-control': 'max-age=60',
49 silly registry.get     etag: '"C4F8T6N1Q2G5OYIZL3CMXG287"',
49 silly registry.get     age: '31',
49 silly registry.get     'x-served-by': 'cache-lax1431-LAX',
49 silly registry.get     'x-cache': 'HIT',
49 silly registry.get     'x-cache-hits': '2',
49 silly registry.get     'x-timer': 'S1420589881.846405,VS0,VE0',
49 silly registry.get     vary: 'Accept',
49 silly registry.get     'content-length': '0',
49 silly registry.get     'keep-alive': 'timeout=10, max=50',
49 silly registry.get     connection: 'Keep-Alive' } ]
50 verbose etag https://registry.npmjs.org/express from cache
51 silly addNameRange number 2 { name: 'express', range: '>=4.10.0-0 <4.11.0-0', hasData: true }
52 silly addNameRange versions [ 'express',
52 silly addNameRange   [ '0.14.0',
52 silly addNameRange     '0.14.1',
52 silly addNameRange     '1.0.0',
52 silly addNameRange     '1.0.1',
52 silly addNameRange     '1.0.2',
52 silly addNameRange     '1.0.3',
52 silly addNameRange     '1.0.4',
52 silly addNameRange     '1.0.5',
52 silly addNameRange     '1.0.6',
52 silly addNameRange     '1.0.7',
52 silly addNameRange     '1.0.8',
52 silly addNameRange     '2.0.0',
52 silly addNameRange     '2.1.0',
52 silly addNameRange     '2.1.1',
52 silly addNameRange     '2.2.0',
52 silly addNameRange     '2.2.1',
52 silly addNameRange     '2.2.2',
52 silly addNameRange     '2.3.0',
52 silly addNameRange     '2.3.1',
52 silly addNameRange     '2.3.2',
52 silly addNameRange     '2.3.3',
52 silly addNameRange     '2.3.4',
52 silly addNameRange     '2.3.5',
52 silly addNameRange     '2.3.6',
52 silly addNameRange     '2.3.7',
52 silly addNameRange     '2.3.8',
52 silly addNameRange     '2.3.9',
52 silly addNameRange     '2.3.10',
52 silly addNameRange     '2.3.11',
52 silly addNameRange     '2.3.12',
52 silly addNameRange     '2.4.0',
52 silly addNameRange     '2.4.1',
52 silly addNameRange     '2.4.2',
52 silly addNameRange     '2.4.3',
52 silly addNameRange     '2.4.4',
52 silly addNameRange     '2.4.5',
52 silly addNameRange     '2.4.6',
52 silly addNameRange     '2.4.7',
52 silly addNameRange     '2.5.0',
52 silly addNameRange     '2.5.1',
52 silly addNameRange     '2.5.2',
52 silly addNameRange     '2.5.3',
52 silly addNameRange     '2.5.4',
52 silly addNameRange     '2.5.5',
52 silly addNameRange     '2.5.6',
52 silly addNameRange     '2.5.7',
52 silly addNameRange     '2.5.8',
52 silly addNameRange     '2.5.9',
52 silly addNameRange     '2.5.10',
52 silly addNameRange     '2.5.11',
52 silly addNameRange     '3.0.0',
52 silly addNameRange     '3.0.1',
52 silly addNameRange     '3.0.2',
52 silly addNameRange     '3.0.3',
52 silly addNameRange     '3.0.4',
52 silly addNameRange     '3.0.5',
52 silly addNameRange     '3.0.6',
52 silly addNameRange     '3.1.0',
52 silly addNameRange     '3.1.1',
52 silly addNameRange     '3.1.2',
52 silly addNameRange     '3.2.0',
52 silly addNameRange     '3.2.1',
52 silly addNameRange     '3.2.2',
52 silly addNameRange     '3.2.3',
52 silly addNameRange     '3.2.4',
52 silly addNameRange     '3.2.5',
52 silly addNameRange     '3.2.6',
52 silly addNameRange     '3.3.0',
52 silly addNameRange     '3.3.1',
52 silly addNameRange     '3.3.2',
52 silly addNameRange     '3.3.3',
52 silly addNameRange     '3.3.4',
52 silly addNameRange     '3.3.5',
52 silly addNameRange     '3.3.6',
52 silly addNameRange     '1.0.0-beta',
52 silly addNameRange     '1.0.0-beta2',
52 silly addNameRange     '1.0.0-rc',
52 silly addNameRange     '1.0.0-rc2',
52 silly addNameRange     '1.0.0-rc3',
52 silly addNameRange     '1.0.0-rc4',
52 silly addNameRange     '2.0.0-beta',
52 silly addNameRange     '2.0.0-beta2',
52 silly addNameRange     '2.0.0-beta3',
52 silly addNameRange     '2.0.0-rc',
52 silly addNameRange     '2.0.0-rc2',
52 silly addNameRange     '2.0.0-rc3',
52 silly addNameRange     '3.0.0-alpha1',
52 silly addNameRange     '3.0.0-alpha2',
52 silly addNameRange     '3.0.0-alpha3',
52 silly addNameRange     '3.0.0-alpha4',
52 silly addNameRange     '3.0.0-alpha5',
52 silly addNameRange     '3.0.0-beta1',
52 silly addNameRange     '3.0.0-beta2',
52 silly addNameRange     '3.0.0-beta3',
52 silly addNameRange     '3.0.0-beta4',
52 silly addNameRange     '3.0.0-beta6',
52 silly addNameRange     '3.0.0-beta7',
52 silly addNameRange     '3.0.0-rc1',
52 silly addNameRange     '3.0.0-rc2',
52 silly addNameRange     '3.0.0-rc3',
52 silly addNameRange     '3.0.0-rc4',
52 silly addNameRange     '3.0.0-rc5',
52 silly addNameRange     '3.3.7',
52 silly addNameRange     '3.3.8',
52 silly addNameRange     '3.4.0',
52 silly addNameRange     '3.4.1',
52 silly addNameRange     '3.4.2',
52 silly addNameRange     '3.4.3',
52 silly addNameRange     '3.4.4',
52 silly addNameRange     '3.4.5',
52 silly addNameRange     '3.4.6',
52 silly addNameRange     '3.4.7',
52 silly addNameRange     '3.4.8',
52 silly addNameRange     '4.0.0-rc1',
52 silly addNameRange     '4.0.0-rc2',
52 silly addNameRange     '3.5.0',
52 silly addNameRange     '4.0.0-rc3',
52 silly addNameRange     '4.0.0-rc4',
52 silly addNameRange     '3.5.1',
52 silly addNameRange     '4.0.0',
52 silly addNameRange     '3.5.2',
52 silly addNameRange     '4.1.0',
52 silly addNameRange     '4.1.1',
52 silly addNameRange     '3.5.3',
52 silly addNameRange     '4.1.2',
52 silly addNameRange     '3.6.0',
52 silly addNameRange     '4.2.0',
52 silly addNameRange     '3.7.0',
52 silly addNameRange     '3.8.0',
52 silly addNameRange     '4.3.0',
52 silly addNameRange     '4.3.1',
52 silly addNameRange     '3.8.1',
52 silly addNameRange     '4.3.2',
52 silly addNameRange     '3.9.0',
52 silly addNameRange     '4.4.0',
52 silly addNameRange     '4.4.1',
52 silly addNameRange     '3.10.0',
52 silly addNameRange     '3.10.1',
52 silly addNameRange     '3.10.2',
52 silly addNameRange     '3.10.3',
52 silly addNameRange     '3.10.4',
52 silly addNameRange     '4.4.2',
52 silly addNameRange     '3.10.5',
52 silly addNameRange     '4.4.3',
52 silly addNameRange     '3.11.0',
52 silly addNameRange     '4.4.4',
52 silly addNameRange     '3.12.0',
52 silly addNameRange     '3.12.1',
52 silly addNameRange     '4.4.5',
52 silly addNameRange     '3.13.0',
52 silly addNameRange     '4.5.0',
52 silly addNameRange     '4.5.1',
52 silly addNameRange     '3.14.0',
52 silly addNameRange     '4.6.0',
52 silly addNameRange     '4.6.1',
52 silly addNameRange     '3.15.0',
52 silly addNameRange     '4.7.0',
52 silly addNameRange     '3.15.1',
52 silly addNameRange     '4.7.1',
52 silly addNameRange     '3.15.2',
52 silly addNameRange     '4.7.2',
52 silly addNameRange     '4.7.3',
52 silly addNameRange     '3.15.3',
52 silly addNameRange     '4.7.4',
52 silly addNameRange     '3.16.0',
52 silly addNameRange     '4.8.0',
52 silly addNameRange     '3.16.1',
52 silly addNameRange     '4.8.1',
52 silly addNameRange     '3.16.2',
52 silly addNameRange     '4.8.2',
52 silly addNameRange     '3.16.3',
52 silly addNameRange     '3.16.4',
52 silly addNameRange     '4.8.3',
52 silly addNameRange     '3.16.5',
52 silly addNameRange     '3.16.6',
52 silly addNameRange     '4.8.4',
52 silly addNameRange     '3.16.7',
52 silly addNameRange     '4.8.5',
52 silly addNameRange     '3.16.8',
52 silly addNameRange     '4.8.6',
52 silly addNameRange     '3.16.9',
52 silly addNameRange     '4.8.7',
52 silly addNameRange     '3.16.10',
52 silly addNameRange     '4.8.8',
52 silly addNameRange     '3.17.0',
52 silly addNameRange     '3.17.1',
52 silly addNameRange     '4.9.0',
52 silly addNameRange     '3.17.2',
52 silly addNameRange     '4.9.1',
52 silly addNameRange     '4.9.2',
52 silly addNameRange     '3.17.3',
52 silly addNameRange     '4.9.3',
52 silly addNameRange     '3.17.4',
52 silly addNameRange     '4.9.4',
52 silly addNameRange     '3.17.5',
52 silly addNameRange     '4.9.5',
52 silly addNameRange     '3.17.6',
52 silly addNameRange     '3.17.7',
52 silly addNameRange     '4.9.6',
52 silly addNameRange     '4.9.7',
52 silly addNameRange     '3.17.8',
52 silly addNameRange     '4.9.8',
52 silly addNameRange     '3.18.0',
52 silly addNameRange     '3.18.1',
52 silly addNameRange     '4.10.0',
52 silly addNameRange     '3.18.2',
52 silly addNameRange     '4.10.1',
52 silly addNameRange     '5.0.0-alpha.1',
52 silly addNameRange     '3.18.3',
52 silly addNameRange     '4.10.2',
52 silly addNameRange     '3.18.4',
52 silly addNameRange     '4.10.3',
52 silly addNameRange     '4.10.4',
52 silly addNameRange     '4.10.5',
52 silly addNameRange     '3.18.5',
52 silly addNameRange     '3.18.6',
52 silly addNameRange     '4.10.6',
52 silly addNameRange     '4.10.7' ] ]
53 verbose addNamed [ 'express', '4.10.7' ]
54 verbose addNamed [ '4.10.7', '4.10.7' ]
55 silly lockFile 9ce688f6-express-4-10-7 express@4.10.7
56 verbose lock express@4.10.7 /Users/coding/.npm/9ce688f6-express-4-10-7.lock
57 silly lockFile 9ce688f6-express-4-10-7 express@4.10.7
58 silly lockFile 9ce688f6-express-4-10-7 express@4.10.7
59 silly lockFile 5861049f-express-4-10-0 express@~4.10.0
60 silly lockFile 5861049f-express-4-10-0 express@~4.10.0
61 http 200 https://registry.npmjs.org/ejs
62 silly registry.get cb [ 200,
62 silly registry.get   { date: 'Wed, 07 Jan 2015 00:18:01 GMT',
62 silly registry.get     server: 'CouchDB/1.5.0 (Erlang OTP/R16B03)',
62 silly registry.get     etag: '"34ELEW2AO93BZ649SIH4MAZGG"',
62 silly registry.get     'content-type': 'application/json',
62 silly registry.get     'cache-control': 'max-age=60',
62 silly registry.get     'content-length': '32328',
62 silly registry.get     'accept-ranges': 'bytes',
62 silly registry.get     via: '1.1 varnish',
62 silly registry.get     age: '8',
62 silly registry.get     'x-served-by': 'cache-lax1433-LAX',
62 silly registry.get     'x-cache': 'HIT',
62 silly registry.get     'x-cache-hits': '1',
62 silly registry.get     'x-timer': 'S1420589881.840776,VS0,VE0',
62 silly registry.get     vary: 'Accept',
62 silly registry.get     'keep-alive': 'timeout=10, max=50',
62 silly registry.get     connection: 'Keep-Alive' } ]
63 silly lockFile 2583a321-stry-npmjs-org-ejs-ejs-1-0-0-tgz https://registry.npmjs.org/ejs/-/ejs-1.0.0.tgz
64 verbose lock https://registry.npmjs.org/ejs/-/ejs-1.0.0.tgz /Users/coding/.npm/2583a321-stry-npmjs-org-ejs-ejs-1-0-0-tgz.lock
65 verbose addRemoteTarball [ 'https://registry.npmjs.org/ejs/-/ejs-1.0.0.tgz',
65 verbose addRemoteTarball   'c9c60a48a46ee452fb32a71c317b95e5aa1fcb3d' ]
66 info retry fetch attempt 1 at 16:18:02
67 verbose fetch to= /var/folders/hp/3mk6sybd6t7324sgt_1k2npr0000gq/T/npm-57171-65uPzUVx/registry.npmjs.org/ejs/-/ejs-1.0.0.tgz
68 http GET https://registry.npmjs.org/ejs/-/ejs-1.0.0.tgz
69 http 200 https://registry.npmjs.org/ejs/-/ejs-1.0.0.tgz
70 silly lockFile 2583a321-stry-npmjs-org-ejs-ejs-1-0-0-tgz https://registry.npmjs.org/ejs/-/ejs-1.0.0.tgz
71 silly lockFile 2583a321-stry-npmjs-org-ejs-ejs-1-0-0-tgz https://registry.npmjs.org/ejs/-/ejs-1.0.0.tgz
72 silly lockFile 3b9d58f7-ejs-1-0-0 ejs@1.0.0
73 silly lockFile 3b9d58f7-ejs-1-0-0 ejs@1.0.0
74 error Error: EACCES, mkdir '/Users/coding/.npm/ejs/1.0.0'
74 error  { [Error: EACCES, mkdir '/Users/coding/.npm/ejs/1.0.0']
74 error   errno: 3,
74 error   code: 'EACCES',
74 error   path: '/Users/coding/.npm/ejs/1.0.0',
74 error   parent: 'Sample_Express' }
75 error Please try running this command again as root/Administrator.
76 error System Darwin 13.4.0
77 error command "node" "/usr/local/bin/npm" "install"
78 error cwd /Users/coding/Desktop/CodingDojo/codingDojoAssign/CS340_MEAN/Express/hello_express2
79 error node -v v0.10.35
80 error npm -v 1.4.28
81 error path /Users/coding/.npm/ejs/1.0.0
82 error code EACCES
83 error errno 3
84 error stack Error: EACCES, mkdir '/Users/coding/.npm/ejs/1.0.0'
85 verbose exit [ 3, true ]
