0 info it worked if it ends with ok
1 verbose cli [ 'node', '/usr/local/bin/npm', 'install' ]
2 info using npm@1.4.28
3 info using node@v0.10.35
4 warn package.json basic_mongoose_app@ No repository field.
5 warn package.json basic_mongoose_app@ No README data
6 verbose readDependencies using package.json deps
7 verbose install where, deps [ '/Users/coding/Desktop/CodingDojo/codingDojoAssign/CS340_MEAN/Mongoose/practice',
7 verbose install   [ 'body-parser', 'ejs', 'exress', 'mongoose' ] ]
8 info preinstall basic_mongoose_app@
9 verbose readDependencies using package.json deps
10 verbose cache add [ 'body-parser@^1.10.1', null ]
11 verbose cache add name=undefined spec="body-parser@^1.10.1" args=["body-parser@^1.10.1",null]
12 verbose parsed url { protocol: null,
12 verbose parsed url   slashes: null,
12 verbose parsed url   auth: null,
12 verbose parsed url   host: null,
12 verbose parsed url   port: null,
12 verbose parsed url   hostname: null,
12 verbose parsed url   hash: null,
12 verbose parsed url   search: null,
12 verbose parsed url   query: null,
12 verbose parsed url   pathname: 'body-parser@^1.10.1',
12 verbose parsed url   path: 'body-parser@^1.10.1',
12 verbose parsed url   href: 'body-parser@^1.10.1' }
13 verbose cache add [ 'ejs@^2.0.8', null ]
14 verbose cache add name=undefined spec="ejs@^2.0.8" args=["ejs@^2.0.8",null]
15 verbose parsed url { protocol: null,
15 verbose parsed url   slashes: null,
15 verbose parsed url   auth: null,
15 verbose parsed url   host: null,
15 verbose parsed url   port: null,
15 verbose parsed url   hostname: null,
15 verbose parsed url   hash: null,
15 verbose parsed url   search: null,
15 verbose parsed url   query: null,
15 verbose parsed url   pathname: 'ejs@^2.0.8',
15 verbose parsed url   path: 'ejs@^2.0.8',
15 verbose parsed url   href: 'ejs@^2.0.8' }
16 verbose cache add [ 'exress@^4.10.7', null ]
17 verbose cache add name=undefined spec="exress@^4.10.7" args=["exress@^4.10.7",null]
18 verbose parsed url { protocol: null,
18 verbose parsed url   slashes: null,
18 verbose parsed url   auth: null,
18 verbose parsed url   host: null,
18 verbose parsed url   port: null,
18 verbose parsed url   hostname: null,
18 verbose parsed url   hash: null,
18 verbose parsed url   search: null,
18 verbose parsed url   query: null,
18 verbose parsed url   pathname: 'exress@^4.10.7',
18 verbose parsed url   path: 'exress@^4.10.7',
18 verbose parsed url   href: 'exress@^4.10.7' }
19 verbose cache add [ 'mongoose@^3.8.21', null ]
20 verbose cache add name=undefined spec="mongoose@^3.8.21" args=["mongoose@^3.8.21",null]
21 verbose parsed url { protocol: null,
21 verbose parsed url   slashes: null,
21 verbose parsed url   auth: null,
21 verbose parsed url   host: null,
21 verbose parsed url   port: null,
21 verbose parsed url   hostname: null,
21 verbose parsed url   hash: null,
21 verbose parsed url   search: null,
21 verbose parsed url   query: null,
21 verbose parsed url   pathname: 'mongoose@^3.8.21',
21 verbose parsed url   path: 'mongoose@^3.8.21',
21 verbose parsed url   href: 'mongoose@^3.8.21' }
22 verbose cache add name="body-parser" spec="^1.10.1" args=["body-parser","^1.10.1"]
23 verbose parsed url { protocol: null,
23 verbose parsed url   slashes: null,
23 verbose parsed url   auth: null,
23 verbose parsed url   host: null,
23 verbose parsed url   port: null,
23 verbose parsed url   hostname: null,
23 verbose parsed url   hash: null,
23 verbose parsed url   search: null,
23 verbose parsed url   query: null,
23 verbose parsed url   pathname: '^1.10.1',
23 verbose parsed url   path: '^1.10.1',
23 verbose parsed url   href: '^1.10.1' }
24 verbose addNamed [ 'body-parser', '^1.10.1' ]
25 verbose addNamed [ null, '>=1.10.1-0 <2.0.0-0' ]
26 verbose cache add name="ejs" spec="^2.0.8" args=["ejs","^2.0.8"]
27 verbose parsed url { protocol: null,
27 verbose parsed url   slashes: null,
27 verbose parsed url   auth: null,
27 verbose parsed url   host: null,
27 verbose parsed url   port: null,
27 verbose parsed url   hostname: null,
27 verbose parsed url   hash: null,
27 verbose parsed url   search: null,
27 verbose parsed url   query: null,
27 verbose parsed url   pathname: '^2.0.8',
27 verbose parsed url   path: '^2.0.8',
27 verbose parsed url   href: '^2.0.8' }
28 verbose addNamed [ 'ejs', '^2.0.8' ]
29 verbose addNamed [ null, '>=2.0.8-0 <3.0.0-0' ]
30 verbose cache add name="exress" spec="^4.10.7" args=["exress","^4.10.7"]
31 verbose parsed url { protocol: null,
31 verbose parsed url   slashes: null,
31 verbose parsed url   auth: null,
31 verbose parsed url   host: null,
31 verbose parsed url   port: null,
31 verbose parsed url   hostname: null,
31 verbose parsed url   hash: null,
31 verbose parsed url   search: null,
31 verbose parsed url   query: null,
31 verbose parsed url   pathname: '^4.10.7',
31 verbose parsed url   path: '^4.10.7',
31 verbose parsed url   href: '^4.10.7' }
32 verbose addNamed [ 'exress', '^4.10.7' ]
33 verbose addNamed [ null, '>=4.10.7-0 <5.0.0-0' ]
34 verbose cache add name="mongoose" spec="^3.8.21" args=["mongoose","^3.8.21"]
35 verbose parsed url { protocol: null,
35 verbose parsed url   slashes: null,
35 verbose parsed url   auth: null,
35 verbose parsed url   host: null,
35 verbose parsed url   port: null,
35 verbose parsed url   hostname: null,
35 verbose parsed url   hash: null,
35 verbose parsed url   search: null,
35 verbose parsed url   query: null,
35 verbose parsed url   pathname: '^3.8.21',
35 verbose parsed url   path: '^3.8.21',
35 verbose parsed url   href: '^3.8.21' }
36 verbose addNamed [ 'mongoose', '^3.8.21' ]
37 verbose addNamed [ null, '>=3.8.21-0 <4.0.0-0' ]
38 silly lockFile b201f174-body-parser-1-10-1 body-parser@^1.10.1
39 verbose lock body-parser@^1.10.1 /Users/coding/.npm/b201f174-body-parser-1-10-1.lock
40 silly lockFile fec996d0-ejs-2-0-8 ejs@^2.0.8
41 verbose lock ejs@^2.0.8 /Users/coding/.npm/fec996d0-ejs-2-0-8.lock
42 silly lockFile 93efb973-exress-4-10-7 exress@^4.10.7
43 verbose lock exress@^4.10.7 /Users/coding/.npm/93efb973-exress-4-10-7.lock
44 silly lockFile c3e83549-mongoose-3-8-21 mongoose@^3.8.21
45 verbose lock mongoose@^3.8.21 /Users/coding/.npm/c3e83549-mongoose-3-8-21.lock
46 silly addNameRange { name: 'ejs', range: '>=2.0.8-0 <3.0.0-0', hasData: false }
47 silly addNameRange { name: 'body-parser',
47 silly addNameRange   range: '>=1.10.1-0 <2.0.0-0',
47 silly addNameRange   hasData: false }
48 silly addNameRange { name: 'exress', range: '>=4.10.7-0 <5.0.0-0', hasData: false }
49 silly addNameRange { name: 'mongoose',
49 silly addNameRange   range: '>=3.8.21-0 <4.0.0-0',
49 silly addNameRange   hasData: false }
50 verbose request where is /exress
51 verbose request registry https://registry.npmjs.org/
52 verbose request id f5a5ea36b4316dc6
53 verbose url raw /exress
54 verbose url resolving [ 'https://registry.npmjs.org/', './exress' ]
55 verbose url resolved https://registry.npmjs.org/exress
56 verbose request where is https://registry.npmjs.org/exress
57 info trying registry request attempt 1 at 10:04:27
58 http GET https://registry.npmjs.org/exress
59 verbose request where is /ejs
60 verbose request registry https://registry.npmjs.org/
61 verbose url raw /ejs
62 verbose url resolving [ 'https://registry.npmjs.org/', './ejs' ]
63 verbose url resolved https://registry.npmjs.org/ejs
64 verbose request where is https://registry.npmjs.org/ejs
65 info trying registry request attempt 1 at 10:04:27
66 verbose etag "34ELEW2AO93BZ649SIH4MAZGG"
67 http GET https://registry.npmjs.org/ejs
68 verbose request where is /body-parser
69 verbose request registry https://registry.npmjs.org/
70 verbose url raw /body-parser
71 verbose url resolving [ 'https://registry.npmjs.org/', './body-parser' ]
72 verbose url resolved https://registry.npmjs.org/body-parser
73 verbose request where is https://registry.npmjs.org/body-parser
74 info trying registry request attempt 1 at 10:04:27
75 verbose etag "3CQN6PTFA5GIYUFRX17N433B3"
76 http GET https://registry.npmjs.org/body-parser
77 verbose request where is /mongoose
78 verbose request registry https://registry.npmjs.org/
79 verbose url raw /mongoose
80 verbose url resolving [ 'https://registry.npmjs.org/', './mongoose' ]
81 verbose url resolved https://registry.npmjs.org/mongoose
82 verbose request where is https://registry.npmjs.org/mongoose
83 info trying registry request attempt 1 at 10:04:27
84 verbose etag "F25PKAYG5QCQZ1O5WC2AO5FUB"
85 http GET https://registry.npmjs.org/mongoose
86 http 200 https://registry.npmjs.org/ejs
87 silly registry.get cb [ 200,
87 silly registry.get   { date: 'Mon, 12 Jan 2015 18:04:27 GMT',
87 silly registry.get     server: 'CouchDB/1.5.0 (Erlang OTP/R16B03)',
87 silly registry.get     etag: '"8O47UP7L4U9VHXWS0L61F5I5E"',
87 silly registry.get     'content-type': 'application/json',
87 silly registry.get     'cache-control': 'max-age=60',
87 silly registry.get     'content-length': '36676',
87 silly registry.get     'accept-ranges': 'bytes',
87 silly registry.get     via: '1.1 varnish',
87 silly registry.get     age: '0',
87 silly registry.get     'x-served-by': 'cache-lax1425-LAX',
87 silly registry.get     'x-cache': 'HIT',
87 silly registry.get     'x-cache-hits': '1',
87 silly registry.get     'x-timer': 'S1421085867.795917,VS0,VE71',
87 silly registry.get     vary: 'Accept',
87 silly registry.get     'keep-alive': 'timeout=10, max=50',
87 silly registry.get     connection: 'Keep-Alive' } ]
88 silly addNameRange number 2 { name: 'ejs', range: '>=2.0.8-0 <3.0.0-0', hasData: true }
89 silly addNameRange versions [ 'ejs',
89 silly addNameRange   [ '0.0.1',
89 silly addNameRange     '0.0.2',
89 silly addNameRange     '0.0.3',
89 silly addNameRange     '0.0.4',
89 silly addNameRange     '0.1.0',
89 silly addNameRange     '0.2.0',
89 silly addNameRange     '0.2.1',
89 silly addNameRange     '0.3.0',
89 silly addNameRange     '0.3.1',
89 silly addNameRange     '0.4.0',
89 silly addNameRange     '0.4.1',
89 silly addNameRange     '0.4.2',
89 silly addNameRange     '0.4.3',
89 silly addNameRange     '0.5.0',
89 silly addNameRange     '0.6.0',
89 silly addNameRange     '0.6.1',
89 silly addNameRange     '0.7.0',
89 silly addNameRange     '0.7.1',
89 silly addNameRange     '0.7.2',
89 silly addNameRange     '0.8.0',
89 silly addNameRange     '0.8.1',
89 silly addNameRange     '0.8.2',
89 silly addNameRange     '0.8.3',
89 silly addNameRange     '0.8.4',
89 silly addNameRange     '0.8.5',
89 silly addNameRange     '0.8.6',
89 silly addNameRange     '0.8.8',
89 silly addNameRange     '1.0.0',
89 silly addNameRange     '2.0.2',
89 silly addNameRange     '2.0.3',
89 silly addNameRange     '2.0.4',
89 silly addNameRange     '2.0.5',
89 silly addNameRange     '2.0.6',
89 silly addNameRange     '2.0.7',
89 silly addNameRange     '2.0.8',
89 silly addNameRange     '2.1.1',
89 silly addNameRange     '2.1.2',
89 silly addNameRange     '2.1.3' ] ]
90 verbose addNamed [ 'ejs', '2.1.3' ]
91 verbose addNamed [ '2.1.3', '2.1.3' ]
92 silly lockFile bfadb0dd-ejs-2-1-3 ejs@2.1.3
93 verbose lock ejs@2.1.3 /Users/coding/.npm/bfadb0dd-ejs-2-1-3.lock
94 silly lockFile f868b26d-stry-npmjs-org-ejs-ejs-2-1-3-tgz https://registry.npmjs.org/ejs/-/ejs-2.1.3.tgz
95 verbose lock https://registry.npmjs.org/ejs/-/ejs-2.1.3.tgz /Users/coding/.npm/f868b26d-stry-npmjs-org-ejs-ejs-2-1-3-tgz.lock
96 verbose addRemoteTarball [ 'https://registry.npmjs.org/ejs/-/ejs-2.1.3.tgz',
96 verbose addRemoteTarball   '94f2b4fbcd6a8bc9d59fe529330b1b920c6633f7' ]
97 info retry fetch attempt 1 at 10:04:28
98 verbose fetch to= /tmp/npm-22682-jA7aJfml/registry.npmjs.org/ejs/-/ejs-2.1.3.tgz
99 http GET https://registry.npmjs.org/ejs/-/ejs-2.1.3.tgz
100 http 200 https://registry.npmjs.org/body-parser
101 silly registry.get cb [ 200,
101 silly registry.get   { date: 'Mon, 12 Jan 2015 18:04:27 GMT',
101 silly registry.get     server: 'CouchDB/1.5.0 (Erlang OTP/R16B03)',
101 silly registry.get     etag: '"38OTRDFQWZ7DS6PTGQDS3W4LO"',
101 silly registry.get     'content-type': 'application/json',
101 silly registry.get     'cache-control': 'max-age=60',
101 silly registry.get     'content-length': '77877',
101 silly registry.get     'accept-ranges': 'bytes',
101 silly registry.get     via: '1.1 varnish',
101 silly registry.get     age: '40',
101 silly registry.get     'x-served-by': 'cache-lax1422-LAX',
101 silly registry.get     'x-cache': 'HIT',
101 silly registry.get     'x-cache-hits': '1',
101 silly registry.get     'x-timer': 'S1421085867.796416,VS0,VE0',
101 silly registry.get     vary: 'Accept',
101 silly registry.get     'keep-alive': 'timeout=10, max=50',
101 silly registry.get     connection: 'Keep-Alive' } ]
102 silly addNameRange number 2 { name: 'body-parser',
102 silly addNameRange   range: '>=1.10.1-0 <2.0.0-0',
102 silly addNameRange   hasData: true }
103 silly addNameRange versions [ 'body-parser',
103 silly addNameRange   [ '1.0.0',
103 silly addNameRange     '1.0.1',
103 silly addNameRange     '1.0.2',
103 silly addNameRange     '1.1.0',
103 silly addNameRange     '1.1.1',
103 silly addNameRange     '1.1.2',
103 silly addNameRange     '1.2.0',
103 silly addNameRange     '1.2.1',
103 silly addNameRange     '1.2.2',
103 silly addNameRange     '1.3.0',
103 silly addNameRange     '1.3.1',
103 silly addNameRange     '1.4.0',
103 silly addNameRange     '1.4.1',
103 silly addNameRange     '1.4.2',
103 silly addNameRange     '1.4.3',
103 silly addNameRange     '1.5.0',
103 silly addNameRange     '1.5.1',
103 silly addNameRange     '1.5.2',
103 silly addNameRange     '1.6.0',
103 silly addNameRange     '1.6.1',
103 silly addNameRange     '1.6.2',
103 silly addNameRange     '1.6.3',
103 silly addNameRange     '1.6.4',
103 silly addNameRange     '1.6.5',
103 silly addNameRange     '1.6.6',
103 silly addNameRange     '1.6.7',
103 silly addNameRange     '1.7.0',
103 silly addNameRange     '1.8.0',
103 silly addNameRange     '1.8.1',
103 silly addNameRange     '1.8.2',
103 silly addNameRange     '1.8.3',
103 silly addNameRange     '1.8.4',
103 silly addNameRange     '1.9.0',
103 silly addNameRange     '1.9.1',
103 silly addNameRange     '1.9.2',
103 silly addNameRange     '1.9.3',
103 silly addNameRange     '1.10.0',
103 silly addNameRange     '1.10.1' ] ]
104 verbose addNamed [ 'body-parser', '1.10.1' ]
105 verbose addNamed [ '1.10.1', '1.10.1' ]
106 silly lockFile 0f993b18-body-parser-1-10-1 body-parser@1.10.1
107 verbose lock body-parser@1.10.1 /Users/coding/.npm/0f993b18-body-parser-1-10-1.lock
108 silly lockFile 0f993b18-body-parser-1-10-1 body-parser@1.10.1
109 silly lockFile 0f993b18-body-parser-1-10-1 body-parser@1.10.1
110 silly lockFile b201f174-body-parser-1-10-1 body-parser@^1.10.1
111 silly lockFile b201f174-body-parser-1-10-1 body-parser@^1.10.1
112 http 404 https://registry.npmjs.org/exress
113 verbose headers { date: 'Mon, 12 Jan 2015 18:04:28 GMT',
113 verbose headers   server: 'CouchDB/1.5.0 (Erlang OTP/R16B03)',
113 verbose headers   'content-type': 'application/json',
113 verbose headers   'cache-control': 'max-age=0',
113 verbose headers   'content-length': '52',
113 verbose headers   'accept-ranges': 'bytes',
113 verbose headers   via: '1.1 varnish',
113 verbose headers   age: '0',
113 verbose headers   'x-served-by': 'cache-lax1434-LAX',
113 verbose headers   'x-cache': 'MISS',
113 verbose headers   'x-cache-hits': '0',
113 verbose headers   'x-timer': 'S1421085867.796128,VS0,VE313',
113 verbose headers   'keep-alive': 'timeout=10, max=50',
113 verbose headers   connection: 'Keep-Alive' }
114 silly registry.get cb [ 404,
114 silly registry.get   { date: 'Mon, 12 Jan 2015 18:04:28 GMT',
114 silly registry.get     server: 'CouchDB/1.5.0 (Erlang OTP/R16B03)',
114 silly registry.get     'content-type': 'application/json',
114 silly registry.get     'cache-control': 'max-age=0',
114 silly registry.get     'content-length': '52',
114 silly registry.get     'accept-ranges': 'bytes',
114 silly registry.get     via: '1.1 varnish',
114 silly registry.get     age: '0',
114 silly registry.get     'x-served-by': 'cache-lax1434-LAX',
114 silly registry.get     'x-cache': 'MISS',
114 silly registry.get     'x-cache-hits': '0',
114 silly registry.get     'x-timer': 'S1421085867.796128,VS0,VE313',
114 silly registry.get     'keep-alive': 'timeout=10, max=50',
114 silly registry.get     connection: 'Keep-Alive' } ]
115 silly lockFile 93efb973-exress-4-10-7 exress@^4.10.7
116 silly lockFile 93efb973-exress-4-10-7 exress@^4.10.7
117 http 200 https://registry.npmjs.org/ejs/-/ejs-2.1.3.tgz
118 silly lockFile f868b26d-stry-npmjs-org-ejs-ejs-2-1-3-tgz https://registry.npmjs.org/ejs/-/ejs-2.1.3.tgz
119 silly lockFile f868b26d-stry-npmjs-org-ejs-ejs-2-1-3-tgz https://registry.npmjs.org/ejs/-/ejs-2.1.3.tgz
120 silly lockFile bfadb0dd-ejs-2-1-3 ejs@2.1.3
121 silly lockFile bfadb0dd-ejs-2-1-3 ejs@2.1.3
122 silly lockFile fec996d0-ejs-2-0-8 ejs@^2.0.8
123 silly lockFile fec996d0-ejs-2-0-8 ejs@^2.0.8
124 http 200 https://registry.npmjs.org/mongoose
125 silly registry.get cb [ 200,
125 silly registry.get   { date: 'Mon, 12 Jan 2015 18:04:27 GMT',
125 silly registry.get     server: 'CouchDB/1.5.0 (Erlang OTP/R16B03)',
125 silly registry.get     etag: '"5XK84DASU6MNLEKC9KWUBJJTE"',
125 silly registry.get     'content-type': 'application/json',
125 silly registry.get     'cache-control': 'max-age=60',
125 silly registry.get     'content-length': '286613',
125 silly registry.get     'accept-ranges': 'bytes',
125 silly registry.get     via: '1.1 varnish',
125 silly registry.get     age: '0',
125 silly registry.get     'x-served-by': 'cache-lax1430-LAX',
125 silly registry.get     'x-cache': 'HIT',
125 silly registry.get     'x-cache-hits': '1',
125 silly registry.get     'x-timer': 'S1421085867.797189,VS0,VE41',
125 silly registry.get     vary: 'Accept',
125 silly registry.get     'keep-alive': 'timeout=10, max=50',
125 silly registry.get     connection: 'Keep-Alive' } ]
126 silly addNameRange number 2 { name: 'mongoose', range: '>=3.8.21-0 <4.0.0-0', hasData: true }
127 silly addNameRange versions [ 'mongoose',
127 silly addNameRange   [ '0.0.1',
127 silly addNameRange     '0.0.2',
127 silly addNameRange     '0.0.3',
127 silly addNameRange     '0.0.4',
127 silly addNameRange     '0.0.5',
127 silly addNameRange     '1.0.0',
127 silly addNameRange     '1.0.1',
127 silly addNameRange     '1.0.2',
127 silly addNameRange     '0.0.6',
127 silly addNameRange     '1.0.3',
127 silly addNameRange     '1.0.4',
127 silly addNameRange     '1.0.5',
127 silly addNameRange     '1.0.6',
127 silly addNameRange     '1.0.7',
127 silly addNameRange     '1.0.8',
127 silly addNameRange     '1.0.10',
127 silly addNameRange     '1.0.11',
127 silly addNameRange     '1.0.12',
127 silly addNameRange     '1.0.13',
127 silly addNameRange     '1.0.14',
127 silly addNameRange     '1.0.15',
127 silly addNameRange     '1.0.16',
127 silly addNameRange     '1.1.0',
127 silly addNameRange     '1.1.1',
127 silly addNameRange     '1.1.2',
127 silly addNameRange     '1.1.3',
127 silly addNameRange     '1.1.4',
127 silly addNameRange     '1.1.5',
127 silly addNameRange     '1.1.6',
127 silly addNameRange     '1.1.7',
127 silly addNameRange     '1.1.8',
127 silly addNameRange     '1.1.9',
127 silly addNameRange     '1.1.10',
127 silly addNameRange     '1.1.11',
127 silly addNameRange     '1.1.12',
127 silly addNameRange     '1.1.13',
127 silly addNameRange     '1.1.14',
127 silly addNameRange     '1.1.15',
127 silly addNameRange     '1.1.16',
127 silly addNameRange     '1.1.17',
127 silly addNameRange     '1.1.18',
127 silly addNameRange     '1.1.19',
127 silly addNameRange     '1.1.20',
127 silly addNameRange     '1.1.21',
127 silly addNameRange     '1.1.22',
127 silly addNameRange     '1.1.23',
127 silly addNameRange     '1.1.24',
127 silly addNameRange     '1.1.25',
127 silly addNameRange     '1.2.0',
127 silly addNameRange     '1.3.0',
127 silly addNameRange     '1.3.1',
127 silly addNameRange     '1.3.2',
127 silly addNameRange     '1.3.3',
127 silly addNameRange     '1.3.4',
127 silly addNameRange     '1.3.5',
127 silly addNameRange     '1.3.6',
127 silly addNameRange     '1.3.7',
127 silly addNameRange     '1.4.0',
127 silly addNameRange     '1.5.0',
127 silly addNameRange     '1.6.0',
127 silly addNameRange     '1.7.2',
127 silly addNameRange     '1.7.3',
127 silly addNameRange     '1.7.4',
127 silly addNameRange     '1.8.0',
127 silly addNameRange     '1.8.1',
127 silly addNameRange     '1.8.2',
127 silly addNameRange     '1.8.3',
127 silly addNameRange     '1.8.4',
127 silly addNameRange     '2.0.0',
127 silly addNameRange     '2.0.1',
127 silly addNameRange     '2.0.2',
127 silly addNameRange     '2.0.3',
127 silly addNameRange     '2.0.4',
127 silly addNameRange     '2.1.0',
127 silly addNameRange     '2.1.1',
127 silly addNameRange     '2.1.2',
127 silly addNameRange     '2.1.3',
127 silly addNameRange     '2.1.4',
127 silly addNameRange     '2.2.0',
127 silly addNameRange     '2.2.1',
127 silly addNameRange     '2.2.2',
127 silly addNameRange     '2.2.3',
127 silly addNameRange     '2.2.4',
127 silly addNameRange     '2.3.0',
127 silly addNameRange     '2.3.1',
127 silly addNameRange     '2.3.2',
127 silly addNameRange     '2.3.3',
127 silly addNameRange     '2.3.4',
127 silly addNameRange     '2.3.5',
127 silly addNameRange     '2.3.6',
127 silly addNameRange     '2.3.7',
127 silly addNameRange     '2.3.8',
127 silly addNameRange     '2.3.9',
127 silly addNameRange     '2.3.10',
127 silly addNameRange     '2.3.11',
127 silly addNameRange     '2.3.12',
127 silly addNameRange     '2.3.13',
127 silly addNameRange     '2.4.0',
127 silly addNameRange     '2.4.1',
127 silly addNameRange     '2.4.2',
127 silly addNameRange     '2.4.3',
127 silly addNameRange     '2.4.4',
127 silly addNameRange     '2.4.5',
127 silly addNameRange     '2.4.6',
127 silly addNameRange     '2.4.7',
127 silly addNameRange     '2.4.8',
127 silly addNameRange     '2.4.9',
127 silly addNameRange     '2.4.10',
127 silly addNameRange     '2.5.0',
127 silly addNameRange     '2.5.1',
127 silly addNameRange     '2.5.2',
127 silly addNameRange     '2.5.3',
127 silly addNameRange     '2.5.4',
127 silly addNameRange     '2.5.5',
127 silly addNameRange     '2.5.6',
127 silly addNameRange     '2.5.7',
127 silly addNameRange     '2.5.8',
127 silly addNameRange     '2.5.9',
127 silly addNameRange     '2.5.10',
127 silly addNameRange     '2.5.11',
127 silly addNameRange     '2.5.12',
127 silly addNameRange     '2.5.13',
127 silly addNameRange     '2.5.14',
127 silly addNameRange     '2.6.0',
127 silly addNameRange     '2.6.1',
127 silly addNameRange     '2.6.2',
127 silly addNameRange     '2.6.3',
127 silly addNameRange     '2.6.4',
127 silly addNameRange     '2.6.5',
127 silly addNameRange     '2.6.6',
127 silly addNameRange     '2.6.7',
127 silly addNameRange     '2.6.8',
127 silly addNameRange     '2.7.0',
127 silly addNameRange     '2.7.1',
127 silly addNameRange     '2.7.2',
127 silly addNameRange     '2.7.4',
127 silly addNameRange     '2.7.3',
127 silly addNameRange     '3.0.0',
127 silly addNameRange     '3.0.1',
127 silly addNameRange     '3.0.2',
127 silly addNameRange     '2.8.0',
127 silly addNameRange     '3.0.3',
127 silly addNameRange     '3.1.0',
127 silly addNameRange     '2.8.1',
127 silly addNameRange     '3.1.1',
127 silly addNameRange     '2.8.2',
127 silly addNameRange     '2.8.3',
127 silly addNameRange     '2.9.0',
127 silly addNameRange     '3.2.0',
127 silly addNameRange     '2.9.1',
127 silly addNameRange     '3.2.1',
127 silly addNameRange     '2.9.2',
127 silly addNameRange     '3.2.2',
127 silly addNameRange     '3.3.0',
127 silly addNameRange     '3.3.1',
127 silly addNameRange     '2.9.3',
127 silly addNameRange     '3.4.0',
127 silly addNameRange     '2.9.4',
127 silly addNameRange     '2.9.5',
127 silly addNameRange     '3.5.0',
127 silly addNameRange     '3.5.1',
127 silly addNameRange     '3.5.2',
127 silly addNameRange     '3.5.3',
127 silly addNameRange     '2.9.6',
127 silly addNameRange     '2.9.7',
127 silly addNameRange     '3.5.4',
127 silly addNameRange     '3.5.5',
127 silly addNameRange     '2.9.8',
127 silly addNameRange     '2.9.9',
127 silly addNameRange     '3.5.6',
127 silly addNameRange     '3.5.7',
127 silly addNameRange     '3.5.8',
127 silly addNameRange     '2.9.10',
127 silly addNameRange     '3.5.9',
127 silly addNameRange     '3.6.2',
127 silly addNameRange     '3.5.10',
127 silly addNameRange     '3.6.3',
127 silly addNameRange     '3.5.11',
127 silly addNameRange     '3.6.4',
127 silly addNameRange     '3.6.5',
127 silly addNameRange     '3.6.6',
127 silly addNameRange     '3.6.7',
127 silly addNameRange     '3.5.12',
127 silly addNameRange     '3.6.8',
127 silly addNameRange     '3.6.9',
127 silly addNameRange     '3.6.10',
127 silly addNameRange     '3.5.13',
127 silly addNameRange     '3.5.14',
127 silly addNameRange     '3.6.11',
127 silly addNameRange     '3.6.12',
127 silly addNameRange     '3.6.13',
127 silly addNameRange     '3.6.14',
127 silly addNameRange     '3.6.15',
127 silly addNameRange     '3.5.15',
127 silly addNameRange     '3.7.0',
127 silly addNameRange     '3.6.16',
127 silly addNameRange     '3.5.16',
127 silly addNameRange     '3.6.17',
127 silly addNameRange     '3.7.2',
127 silly addNameRange     '3.0.0-alpha1',
127 silly addNameRange     '3.0.0-alpha2',
127 silly addNameRange     '3.0.0-rc0',
127 silly addNameRange     '3.6.0-rc0',
127 silly addNameRange     '3.6.0-rc1',
127 silly addNameRange     '3.6.18',
127 silly addNameRange     '3.7.3',
127 silly addNameRange     '3.6.19',
127 silly addNameRange     '3.6.20',
127 silly addNameRange     '3.7.4',
127 silly addNameRange     '3.8.0',
127 silly addNameRange     '3.8.1',
127 silly addNameRange     '3.8.2',
127 silly addNameRange     '3.8.3',
127 silly addNameRange     '3.8.4',
127 silly addNameRange     '3.8.5',
127 silly addNameRange     '3.8.6',
127 silly addNameRange     '3.8.7',
127 silly addNameRange     '3.8.8',
127 silly addNameRange     '3.8.9',
127 silly addNameRange     '3.8.10',
127 silly addNameRange     '3.8.11',
127 silly addNameRange     '3.9.0',
127 silly addNameRange     '3.8.12',
127 silly addNameRange     '3.8.13',
127 silly addNameRange     '3.8.14',
127 silly addNameRange     '3.8.15',
127 silly addNameRange     '3.9.1',
127 silly addNameRange     '3.8.16',
127 silly addNameRange     '3.9.2',
127 silly addNameRange     '3.8.17',
127 silly addNameRange     '3.9.3',
127 silly addNameRange     '3.8.18',
127 silly addNameRange     '3.9.4',
127 silly addNameRange     '3.8.19',
127 silly addNameRange     '3.9.5',
127 silly addNameRange     '3.8.20',
127 silly addNameRange     '3.9.6',
127 silly addNameRange     '3.8.21',
127 silly addNameRange     '3.9.7' ] ]
128 verbose addNamed [ 'mongoose', '3.8.21' ]
129 verbose addNamed [ '3.8.21', '3.8.21' ]
130 silly lockFile e1560adf-mongoose-3-8-21 mongoose@3.8.21
131 verbose lock mongoose@3.8.21 /Users/coding/.npm/e1560adf-mongoose-3-8-21.lock
132 silly lockFile e1560adf-mongoose-3-8-21 mongoose@3.8.21
133 silly lockFile e1560adf-mongoose-3-8-21 mongoose@3.8.21
134 silly lockFile c3e83549-mongoose-3-8-21 mongoose@^3.8.21
135 silly lockFile c3e83549-mongoose-3-8-21 mongoose@^3.8.21
136 error 404 404 Not Found: exress
136 error 404
136 error 404 'exress' is not in the npm registry.
136 error 404 You should bug the author to publish it
136 error 404 It was specified as a dependency of 'basic_mongoose_app'
136 error 404
136 error 404 Note that you can also install from a
136 error 404 tarball, folder, or http url, or git url.
137 error System Darwin 13.4.0
138 error command "node" "/usr/local/bin/npm" "install"
139 error cwd /Users/coding/Desktop/CodingDojo/codingDojoAssign/CS340_MEAN/Mongoose/practice
140 error node -v v0.10.35
141 error npm -v 1.4.28
142 error code E404
143 verbose exit [ 1, true ]
